-------------------------------------------------------------------------------
Test set: TestSuite
-------------------------------------------------------------------------------
Tests run: 2, Failures: 1, Errors: 0, Skipped: 0, Time elapsed: 11.784 sec <<< FAILURE!
tearDown(com.valtech.testcases.HomePageTest)  Time elapsed: 0.052 sec  <<< FAILURE!
java.lang.NullPointerException
	at com.valtech.testcases.HomePageTest.tearDown(HomePageTest.java:47)

