<?xml version="1.0" encoding="UTF-8"?>
<!-- Generated by org.testng.reporters.JUnitXMLReporter -->
<testsuite hostname="HEAVEN-PC" ignored="0" name="Command line test" tests="1" failures="0" timestamp="18 Jan 2018 13:37:31 GMT" time="0.152" errors="0">
  <testcase name="@AfterMethod tearDown" time="0.0" classname="com.valtech.testcases.HomePageTest">
    <failure type="java.lang.NullPointerException">
      <![CDATA[java.lang.NullPointerException
	at com.valtech.testcases.HomePageTest.tearDown(HomePageTest.java:47)
... Removed 37 stack frames]]>
    </failure>
  </testcase> <!-- @AfterMethod tearDown -->
  <testcase name="verifyLoginWithInvalidCredentails" time="0.001" classname="com.valtech.testcases.HomePageTest"/>
</testsuite> <!-- Command line test -->
